<?xml version="1.0" encoding="UTF-8"?>
<!-- Generated by org.testng.reporters.JUnitXMLReporter -->
<testsuite hostname="LTIN268312" name="Test" tests="205" failures="0" timestamp="26 Jul 2022 12:05:27 GMT" time="18.677" errors="0">
  <testcase name="Get" time="5.429" classname="com.restAssured.api.GetResponse"/>
  <testcase name="Post" time="0.478" classname="com.restAssured.api.PostResponse"/>
  <testcase name="statusRespose" time="0.119" classname="com.restAssured.api.UrlResponse"/>
  <testcase name="rResponse" time="0.081" classname="com.restAssured.api.myResponse"/>
  <testcase name="rResponse" time="0.083" classname="com.restAssured.api.myResponse"/>
  <testcase name="rResponse" time="0.083" classname="com.restAssured.api.myResponse"/>
  <testcase name="rResponse" time="0.068" classname="com.restAssured.api.myResponse"/>
  <testcase name="rResponse" time="0.077" classname="com.restAssured.api.myResponse"/>
  <testcase name="rResponse" time="0.074" classname="com.restAssured.api.myResponse"/>
  <testcase name="rResponse" time="0.09" classname="com.restAssured.api.myResponse"/>
  <testcase name="rResponse" time="0.092" classname="com.restAssured.api.myResponse"/>
  <testcase name="rResponse" time="0.089" classname="com.restAssured.api.myResponse"/>
  <testcase name="rResponse" time="0.093" classname="com.restAssured.api.myResponse"/>
  <testcase name="rResponse" time="0.105" classname="com.restAssured.api.myResponse"/>
  <testcase name="rResponse" time="0.064" classname="com.restAssured.api.myResponse"/>
  <testcase name="rResponse" time="0.086" classname="com.restAssured.api.myResponse"/>
  <testcase name="rResponse" time="0.067" classname="com.restAssured.api.myResponse"/>
  <testcase name="rResponse" time="0.057" classname="com.restAssured.api.myResponse"/>
  <testcase name="rResponse" time="0.069" classname="com.restAssured.api.myResponse"/>
  <testcase name="rResponse" time="0.057" classname="com.restAssured.api.myResponse"/>
  <testcase name="rResponse" time="0.07" classname="com.restAssured.api.myResponse"/>
  <testcase name="rResponse" time="0.051" classname="com.restAssured.api.myResponse"/>
  <testcase name="rResponse" time="0.064" classname="com.restAssured.api.myResponse"/>
  <testcase name="rResponse" time="0.061" classname="com.restAssured.api.myResponse"/>
  <testcase name="rResponse" time="0.051" classname="com.restAssured.api.myResponse"/>
  <testcase name="rResponse" time="0.051" classname="com.restAssured.api.myResponse"/>
  <testcase name="rResponse" time="0.05" classname="com.restAssured.api.myResponse"/>
  <testcase name="rResponse" time="0.057" classname="com.restAssured.api.myResponse"/>
  <testcase name="rResponse" time="0.077" classname="com.restAssured.api.myResponse"/>
  <testcase name="rResponse" time="0.067" classname="com.restAssured.api.myResponse"/>
  <testcase name="rResponse" time="0.053" classname="com.restAssured.api.myResponse"/>
  <testcase name="rResponse" time="0.088" classname="com.restAssured.api.myResponse"/>
  <testcase name="rResponse" time="0.054" classname="com.restAssured.api.myResponse"/>
  <testcase name="rResponse" time="0.054" classname="com.restAssured.api.myResponse"/>
  <testcase name="rResponse" time="0.055" classname="com.restAssured.api.myResponse"/>
  <testcase name="rResponse" time="0.068" classname="com.restAssured.api.myResponse"/>
  <testcase name="rResponse" time="0.05" classname="com.restAssured.api.myResponse"/>
  <testcase name="rResponse" time="0.045" classname="com.restAssured.api.myResponse"/>
  <testcase name="rResponse" time="0.05" classname="com.restAssured.api.myResponse"/>
  <testcase name="rResponse" time="0.049" classname="com.restAssured.api.myResponse"/>
  <testcase name="rResponse" time="0.052" classname="com.restAssured.api.myResponse"/>
  <testcase name="rResponse" time="0.05" classname="com.restAssured.api.myResponse"/>
  <testcase name="rResponse" time="0.053" classname="com.restAssured.api.myResponse"/>
  <testcase name="rResponse" time="0.067" classname="com.restAssured.api.myResponse"/>
  <testcase name="rResponse" time="0.054" classname="com.restAssured.api.myResponse"/>
  <testcase name="rResponse" time="0.056" classname="com.restAssured.api.myResponse"/>
  <testcase name="rResponse" time="0.053" classname="com.restAssured.api.myResponse"/>
  <testcase name="rResponse" time="0.052" classname="com.restAssured.api.myResponse"/>
  <testcase name="rResponse" time="0.08" classname="com.restAssured.api.myResponse"/>
  <testcase name="rResponse" time="0.061" classname="com.restAssured.api.myResponse"/>
  <testcase name="rResponse" time="0.064" classname="com.restAssured.api.myResponse"/>
  <testcase name="rResponse" time="0.056" classname="com.restAssured.api.myResponse"/>
  <testcase name="rResponse" time="0.06" classname="com.restAssured.api.myResponse"/>
  <testcase name="rResponse" time="0.106" classname="com.restAssured.api.myResponse"/>
  <testcase name="rResponse" time="0.055" classname="com.restAssured.api.myResponse"/>
  <testcase name="rResponse" time="0.047" classname="com.restAssured.api.myResponse"/>
  <testcase name="rResponse" time="0.05" classname="com.restAssured.api.myResponse"/>
  <testcase name="rResponse" time="0.062" classname="com.restAssured.api.myResponse"/>
  <testcase name="rResponse" time="0.051" classname="com.restAssured.api.myResponse"/>
  <testcase name="rResponse" time="0.047" classname="com.restAssured.api.myResponse"/>
  <testcase name="rResponse" time="0.052" classname="com.restAssured.api.myResponse"/>
  <testcase name="rResponse" time="0.047" classname="com.restAssured.api.myResponse"/>
  <testcase name="rResponse" time="0.058" classname="com.restAssured.api.myResponse"/>
  <testcase name="rResponse" time="0.056" classname="com.restAssured.api.myResponse"/>
  <testcase name="rResponse" time="0.049" classname="com.restAssured.api.myResponse"/>
  <testcase name="rResponse" time="0.053" classname="com.restAssured.api.myResponse"/>
  <testcase name="rResponse" time="0.074" classname="com.restAssured.api.myResponse"/>
  <testcase name="rResponse" time="0.063" classname="com.restAssured.api.myResponse"/>
  <testcase name="rResponse" time="0.09" classname="com.restAssured.api.myResponse"/>
  <testcase name="rResponse" time="0.041" classname="com.restAssured.api.myResponse"/>
  <testcase name="rResponse" time="0.081" classname="com.restAssured.api.myResponse"/>
  <testcase name="rResponse" time="0.051" classname="com.restAssured.api.myResponse"/>
  <testcase name="rResponse" time="0.055" classname="com.restAssured.api.myResponse"/>
  <testcase name="rResponse" time="0.045" classname="com.restAssured.api.myResponse"/>
  <testcase name="rResponse" time="0.048" classname="com.restAssured.api.myResponse"/>
  <testcase name="rResponse" time="0.086" classname="com.restAssured.api.myResponse"/>
  <testcase name="rResponse" time="0.059" classname="com.restAssured.api.myResponse"/>
  <testcase name="rResponse" time="0.067" classname="com.restAssured.api.myResponse"/>
  <testcase name="rResponse" time="0.066" classname="com.restAssured.api.myResponse"/>
  <testcase name="rResponse" time="0.042" classname="com.restAssured.api.myResponse"/>
  <testcase name="rResponse" time="0.054" classname="com.restAssured.api.myResponse"/>
  <testcase name="rResponse" time="0.041" classname="com.restAssured.api.myResponse"/>
  <testcase name="rResponse" time="0.044" classname="com.restAssured.api.myResponse"/>
  <testcase name="rResponse" time="0.048" classname="com.restAssured.api.myResponse"/>
  <testcase name="rResponse" time="0.059" classname="com.restAssured.api.myResponse"/>
  <testcase name="rResponse" time="0.05" classname="com.restAssured.api.myResponse"/>
  <testcase name="rResponse" time="0.047" classname="com.restAssured.api.myResponse"/>
  <testcase name="rResponse" time="0.05" classname="com.restAssured.api.myResponse"/>
  <testcase name="rResponse" time="0.045" classname="com.restAssured.api.myResponse"/>
  <testcase name="rResponse" time="0.044" classname="com.restAssured.api.myResponse"/>
  <testcase name="rResponse" time="0.04" classname="com.restAssured.api.myResponse"/>
  <testcase name="rResponse" time="0.045" classname="com.restAssured.api.myResponse"/>
  <testcase name="rResponse" time="0.061" classname="com.restAssured.api.myResponse"/>
  <testcase name="rResponse" time="0.04" classname="com.restAssured.api.myResponse"/>
  <testcase name="rResponse" time="0.048" classname="com.restAssured.api.myResponse"/>
  <testcase name="rResponse" time="0.05" classname="com.restAssured.api.myResponse"/>
  <testcase name="rResponse" time="0.1" classname="com.restAssured.api.myResponse"/>
  <testcase name="rResponse" time="0.048" classname="com.restAssured.api.myResponse"/>
  <testcase name="rResponse" time="0.046" classname="com.restAssured.api.myResponse"/>
  <testcase name="rResponse" time="0.08" classname="com.restAssured.api.myResponse"/>
  <testcase name="rResponse" time="0.05" classname="com.restAssured.api.myResponse"/>
  <testcase name="rResponse" time="0.056" classname="com.restAssured.api.myResponse"/>
  <testcase name="rResponse" time="0.043" classname="com.restAssured.api.myResponse"/>
  <testcase name="rResponse" time="0.096" classname="com.restAssured.api.myResponse"/>
  <testcase name="rResponse" time="0.057" classname="com.restAssured.api.myResponse"/>
  <testcase name="rResponse" time="0.042" classname="com.restAssured.api.myResponse"/>
  <testcase name="rResponse" time="0.04" classname="com.restAssured.api.myResponse"/>
  <testcase name="rResponse" time="0.044" classname="com.restAssured.api.myResponse"/>
  <testcase name="rResponse" time="0.043" classname="com.restAssured.api.myResponse"/>
  <testcase name="rResponse" time="0.047" classname="com.restAssured.api.myResponse"/>
  <testcase name="rResponse" time="0.048" classname="com.restAssured.api.myResponse"/>
  <testcase name="rResponse" time="0.051" classname="com.restAssured.api.myResponse"/>
  <testcase name="rResponse" time="0.038" classname="com.restAssured.api.myResponse"/>
  <testcase name="rResponse" time="0.048" classname="com.restAssured.api.myResponse"/>
  <testcase name="rResponse" time="0.082" classname="com.restAssured.api.myResponse"/>
  <testcase name="rResponse" time="0.046" classname="com.restAssured.api.myResponse"/>
  <testcase name="rResponse" time="0.051" classname="com.restAssured.api.myResponse"/>
  <testcase name="rResponse" time="0.049" classname="com.restAssured.api.myResponse"/>
  <testcase name="rResponse" time="0.057" classname="com.restAssured.api.myResponse"/>
  <testcase name="rResponse" time="0.07" classname="com.restAssured.api.myResponse"/>
  <testcase name="rResponse" time="0.044" classname="com.restAssured.api.myResponse"/>
  <testcase name="rResponse" time="0.062" classname="com.restAssured.api.myResponse"/>
  <testcase name="rResponse" time="0.059" classname="com.restAssured.api.myResponse"/>
  <testcase name="rResponse" time="0.044" classname="com.restAssured.api.myResponse"/>
  <testcase name="rResponse" time="0.047" classname="com.restAssured.api.myResponse"/>
  <testcase name="rResponse" time="0.048" classname="com.restAssured.api.myResponse"/>
  <testcase name="rResponse" time="0.052" classname="com.restAssured.api.myResponse"/>
  <testcase name="rResponse" time="0.048" classname="com.restAssured.api.myResponse"/>
  <testcase name="rResponse" time="0.044" classname="com.restAssured.api.myResponse"/>
  <testcase name="rResponse" time="0.052" classname="com.restAssured.api.myResponse"/>
  <testcase name="rResponse" time="0.055" classname="com.restAssured.api.myResponse"/>
  <testcase name="rResponse" time="0.077" classname="com.restAssured.api.myResponse"/>
  <testcase name="rResponse" time="0.041" classname="com.restAssured.api.myResponse"/>
  <testcase name="rResponse" time="0.048" classname="com.restAssured.api.myResponse"/>
  <testcase name="rResponse" time="0.056" classname="com.restAssured.api.myResponse"/>
  <testcase name="rResponse" time="0.071" classname="com.restAssured.api.myResponse"/>
  <testcase name="rResponse" time="0.06" classname="com.restAssured.api.myResponse"/>
  <testcase name="rResponse" time="0.083" classname="com.restAssured.api.myResponse"/>
  <testcase name="rResponse" time="0.063" classname="com.restAssured.api.myResponse"/>
  <testcase name="rResponse" time="0.043" classname="com.restAssured.api.myResponse"/>
  <testcase name="rResponse" time="0.064" classname="com.restAssured.api.myResponse"/>
  <testcase name="rResponse" time="0.048" classname="com.restAssured.api.myResponse"/>
  <testcase name="rResponse" time="0.051" classname="com.restAssured.api.myResponse"/>
  <testcase name="rResponse" time="0.042" classname="com.restAssured.api.myResponse"/>
  <testcase name="rResponse" time="0.043" classname="com.restAssured.api.myResponse"/>
  <testcase name="rResponse" time="0.067" classname="com.restAssured.api.myResponse"/>
  <testcase name="rResponse" time="0.071" classname="com.restAssured.api.myResponse"/>
  <testcase name="rResponse" time="0.067" classname="com.restAssured.api.myResponse"/>
  <testcase name="rResponse" time="0.041" classname="com.restAssured.api.myResponse"/>
  <testcase name="rResponse" time="0.047" classname="com.restAssured.api.myResponse"/>
  <testcase name="rResponse" time="0.044" classname="com.restAssured.api.myResponse"/>
  <testcase name="rResponse" time="0.057" classname="com.restAssured.api.myResponse"/>
  <testcase name="rResponse" time="0.061" classname="com.restAssured.api.myResponse"/>
  <testcase name="rResponse" time="0.071" classname="com.restAssured.api.myResponse"/>
  <testcase name="rResponse" time="0.117" classname="com.restAssured.api.myResponse"/>
  <testcase name="rResponse" time="0.115" classname="com.restAssured.api.myResponse"/>
  <testcase name="rResponse" time="0.06" classname="com.restAssured.api.myResponse"/>
  <testcase name="rResponse" time="0.068" classname="com.restAssured.api.myResponse"/>
  <testcase name="rResponse" time="0.071" classname="com.restAssured.api.myResponse"/>
  <testcase name="rResponse" time="0.05" classname="com.restAssured.api.myResponse"/>
  <testcase name="rResponse" time="0.076" classname="com.restAssured.api.myResponse"/>
  <testcase name="rResponse" time="0.047" classname="com.restAssured.api.myResponse"/>
  <testcase name="rResponse" time="0.053" classname="com.restAssured.api.myResponse"/>
  <testcase name="rResponse" time="0.043" classname="com.restAssured.api.myResponse"/>
  <testcase name="rResponse" time="0.062" classname="com.restAssured.api.myResponse"/>
  <testcase name="rResponse" time="0.048" classname="com.restAssured.api.myResponse"/>
  <testcase name="rResponse" time="0.054" classname="com.restAssured.api.myResponse"/>
  <testcase name="rResponse" time="0.058" classname="com.restAssured.api.myResponse"/>
  <testcase name="rResponse" time="0.045" classname="com.restAssured.api.myResponse"/>
  <testcase name="rResponse" time="0.047" classname="com.restAssured.api.myResponse"/>
  <testcase name="rResponse" time="0.056" classname="com.restAssured.api.myResponse"/>
  <testcase name="rResponse" time="0.046" classname="com.restAssured.api.myResponse"/>
  <testcase name="rResponse" time="0.051" classname="com.restAssured.api.myResponse"/>
  <testcase name="rResponse" time="0.062" classname="com.restAssured.api.myResponse"/>
  <testcase name="rResponse" time="0.055" classname="com.restAssured.api.myResponse"/>
  <testcase name="rResponse" time="0.048" classname="com.restAssured.api.myResponse"/>
  <testcase name="rResponse" time="0.045" classname="com.restAssured.api.myResponse"/>
  <testcase name="rResponse" time="0.122" classname="com.restAssured.api.myResponse"/>
  <testcase name="rResponse" time="0.073" classname="com.restAssured.api.myResponse"/>
  <testcase name="rResponse" time="0.057" classname="com.restAssured.api.myResponse"/>
  <testcase name="rResponse" time="0.051" classname="com.restAssured.api.myResponse"/>
  <testcase name="rResponse" time="0.046" classname="com.restAssured.api.myResponse"/>
  <testcase name="rResponse" time="0.049" classname="com.restAssured.api.myResponse"/>
  <testcase name="rResponse" time="0.042" classname="com.restAssured.api.myResponse"/>
  <testcase name="rResponse" time="0.041" classname="com.restAssured.api.myResponse"/>
  <testcase name="rResponse" time="0.042" classname="com.restAssured.api.myResponse"/>
  <testcase name="rResponse" time="0.049" classname="com.restAssured.api.myResponse"/>
  <testcase name="rResponse" time="0.047" classname="com.restAssured.api.myResponse"/>
  <testcase name="rResponse" time="0.056" classname="com.restAssured.api.myResponse"/>
  <testcase name="rResponse" time="0.056" classname="com.restAssured.api.myResponse"/>
  <testcase name="rResponse" time="0.047" classname="com.restAssured.api.myResponse"/>
  <testcase name="rResponse" time="0.05" classname="com.restAssured.api.myResponse"/>
  <testcase name="rResponse" time="0.057" classname="com.restAssured.api.myResponse"/>
  <testcase name="rResponse" time="0.052" classname="com.restAssured.api.myResponse"/>
  <testcase name="rResponse" time="0.051" classname="com.restAssured.api.myResponse"/>
  <testcase name="rResponse" time="0.044" classname="com.restAssured.api.myResponse"/>
  <testcase name="rResponse" time="0.048" classname="com.restAssured.api.myResponse"/>
  <testcase name="rResponse" time="0.044" classname="com.restAssured.api.myResponse"/>
  <testcase name="rResponse" time="0.045" classname="com.restAssured.api.myResponse"/>
  <testcase name="rResponse" time="0.053" classname="com.restAssured.api.myResponse"/>
  <testcase name="rResponse" time="0.048" classname="com.restAssured.api.myResponse"/>
  <testcase name="rResponse" time="0.054" classname="com.restAssured.api.myResponse"/>
  <testcase name="rResponse" time="0.051" classname="com.restAssured.api.myResponse"/>
  <testcase name="put" time="0.469" classname="com.restAssured.api.PutResponse"/>
  <testcase name="patch" time="0.361" classname="com.restAssured.api.patchResponse"/>
</testsuite>
