<?xml version="1.0" encoding="UTF-8"?>
<!-- Generated by org.testng.reporters.JUnitXMLReporter -->
<testsuite hostname="LTIN268312" name="Default test" tests="200" failures="0" timestamp="26 Jul 2022 12:01:59 GMT" time="16.958" errors="0">
  <testcase name="rResponse" time="4.246" classname="com.restAssured.api.myResponse"/>
  <testcase name="rResponse" time="0.1" classname="com.restAssured.api.myResponse"/>
  <testcase name="rResponse" time="0.112" classname="com.restAssured.api.myResponse"/>
  <testcase name="rResponse" time="0.234" classname="com.restAssured.api.myResponse"/>
  <testcase name="rResponse" time="0.081" classname="com.restAssured.api.myResponse"/>
  <testcase name="rResponse" time="0.088" classname="com.restAssured.api.myResponse"/>
  <testcase name="rResponse" time="0.06" classname="com.restAssured.api.myResponse"/>
  <testcase name="rResponse" time="0.106" classname="com.restAssured.api.myResponse"/>
  <testcase name="rResponse" time="0.066" classname="com.restAssured.api.myResponse"/>
  <testcase name="rResponse" time="0.08" classname="com.restAssured.api.myResponse"/>
  <testcase name="rResponse" time="0.064" classname="com.restAssured.api.myResponse"/>
  <testcase name="rResponse" time="0.081" classname="com.restAssured.api.myResponse"/>
  <testcase name="rResponse" time="0.078" classname="com.restAssured.api.myResponse"/>
  <testcase name="rResponse" time="0.069" classname="com.restAssured.api.myResponse"/>
  <testcase name="rResponse" time="0.087" classname="com.restAssured.api.myResponse"/>
  <testcase name="rResponse" time="0.152" classname="com.restAssured.api.myResponse"/>
  <testcase name="rResponse" time="0.071" classname="com.restAssured.api.myResponse"/>
  <testcase name="rResponse" time="0.082" classname="com.restAssured.api.myResponse"/>
  <testcase name="rResponse" time="0.071" classname="com.restAssured.api.myResponse"/>
  <testcase name="rResponse" time="0.058" classname="com.restAssured.api.myResponse"/>
  <testcase name="rResponse" time="0.068" classname="com.restAssured.api.myResponse"/>
  <testcase name="rResponse" time="0.057" classname="com.restAssured.api.myResponse"/>
  <testcase name="rResponse" time="0.056" classname="com.restAssured.api.myResponse"/>
  <testcase name="rResponse" time="0.057" classname="com.restAssured.api.myResponse"/>
  <testcase name="rResponse" time="0.081" classname="com.restAssured.api.myResponse"/>
  <testcase name="rResponse" time="0.057" classname="com.restAssured.api.myResponse"/>
  <testcase name="rResponse" time="0.052" classname="com.restAssured.api.myResponse"/>
  <testcase name="rResponse" time="0.068" classname="com.restAssured.api.myResponse"/>
  <testcase name="rResponse" time="0.065" classname="com.restAssured.api.myResponse"/>
  <testcase name="rResponse" time="0.071" classname="com.restAssured.api.myResponse"/>
  <testcase name="rResponse" time="0.06" classname="com.restAssured.api.myResponse"/>
  <testcase name="rResponse" time="0.091" classname="com.restAssured.api.myResponse"/>
  <testcase name="rResponse" time="0.08" classname="com.restAssured.api.myResponse"/>
  <testcase name="rResponse" time="0.059" classname="com.restAssured.api.myResponse"/>
  <testcase name="rResponse" time="0.095" classname="com.restAssured.api.myResponse"/>
  <testcase name="rResponse" time="0.062" classname="com.restAssured.api.myResponse"/>
  <testcase name="rResponse" time="0.089" classname="com.restAssured.api.myResponse"/>
  <testcase name="rResponse" time="0.076" classname="com.restAssured.api.myResponse"/>
  <testcase name="rResponse" time="0.05" classname="com.restAssured.api.myResponse"/>
  <testcase name="rResponse" time="0.067" classname="com.restAssured.api.myResponse"/>
  <testcase name="rResponse" time="0.054" classname="com.restAssured.api.myResponse"/>
  <testcase name="rResponse" time="0.057" classname="com.restAssured.api.myResponse"/>
  <testcase name="rResponse" time="0.073" classname="com.restAssured.api.myResponse"/>
  <testcase name="rResponse" time="0.059" classname="com.restAssured.api.myResponse"/>
  <testcase name="rResponse" time="0.078" classname="com.restAssured.api.myResponse"/>
  <testcase name="rResponse" time="0.05" classname="com.restAssured.api.myResponse"/>
  <testcase name="rResponse" time="0.088" classname="com.restAssured.api.myResponse"/>
  <testcase name="rResponse" time="0.057" classname="com.restAssured.api.myResponse"/>
  <testcase name="rResponse" time="0.062" classname="com.restAssured.api.myResponse"/>
  <testcase name="rResponse" time="0.065" classname="com.restAssured.api.myResponse"/>
  <testcase name="rResponse" time="0.051" classname="com.restAssured.api.myResponse"/>
  <testcase name="rResponse" time="0.065" classname="com.restAssured.api.myResponse"/>
  <testcase name="rResponse" time="0.058" classname="com.restAssured.api.myResponse"/>
  <testcase name="rResponse" time="0.058" classname="com.restAssured.api.myResponse"/>
  <testcase name="rResponse" time="0.082" classname="com.restAssured.api.myResponse"/>
  <testcase name="rResponse" time="0.064" classname="com.restAssured.api.myResponse"/>
  <testcase name="rResponse" time="0.076" classname="com.restAssured.api.myResponse"/>
  <testcase name="rResponse" time="0.059" classname="com.restAssured.api.myResponse"/>
  <testcase name="rResponse" time="0.064" classname="com.restAssured.api.myResponse"/>
  <testcase name="rResponse" time="0.051" classname="com.restAssured.api.myResponse"/>
  <testcase name="rResponse" time="0.055" classname="com.restAssured.api.myResponse"/>
  <testcase name="rResponse" time="0.054" classname="com.restAssured.api.myResponse"/>
  <testcase name="rResponse" time="0.058" classname="com.restAssured.api.myResponse"/>
  <testcase name="rResponse" time="0.071" classname="com.restAssured.api.myResponse"/>
  <testcase name="rResponse" time="0.06" classname="com.restAssured.api.myResponse"/>
  <testcase name="rResponse" time="0.059" classname="com.restAssured.api.myResponse"/>
  <testcase name="rResponse" time="0.066" classname="com.restAssured.api.myResponse"/>
  <testcase name="rResponse" time="0.044" classname="com.restAssured.api.myResponse"/>
  <testcase name="rResponse" time="0.056" classname="com.restAssured.api.myResponse"/>
  <testcase name="rResponse" time="0.073" classname="com.restAssured.api.myResponse"/>
  <testcase name="rResponse" time="0.062" classname="com.restAssured.api.myResponse"/>
  <testcase name="rResponse" time="0.055" classname="com.restAssured.api.myResponse"/>
  <testcase name="rResponse" time="0.048" classname="com.restAssured.api.myResponse"/>
  <testcase name="rResponse" time="0.049" classname="com.restAssured.api.myResponse"/>
  <testcase name="rResponse" time="0.087" classname="com.restAssured.api.myResponse"/>
  <testcase name="rResponse" time="0.06" classname="com.restAssured.api.myResponse"/>
  <testcase name="rResponse" time="0.069" classname="com.restAssured.api.myResponse"/>
  <testcase name="rResponse" time="0.085" classname="com.restAssured.api.myResponse"/>
  <testcase name="rResponse" time="0.068" classname="com.restAssured.api.myResponse"/>
  <testcase name="rResponse" time="0.086" classname="com.restAssured.api.myResponse"/>
  <testcase name="rResponse" time="0.061" classname="com.restAssured.api.myResponse"/>
  <testcase name="rResponse" time="0.061" classname="com.restAssured.api.myResponse"/>
  <testcase name="rResponse" time="0.072" classname="com.restAssured.api.myResponse"/>
  <testcase name="rResponse" time="0.056" classname="com.restAssured.api.myResponse"/>
  <testcase name="rResponse" time="0.103" classname="com.restAssured.api.myResponse"/>
  <testcase name="rResponse" time="0.063" classname="com.restAssured.api.myResponse"/>
  <testcase name="rResponse" time="0.051" classname="com.restAssured.api.myResponse"/>
  <testcase name="rResponse" time="0.078" classname="com.restAssured.api.myResponse"/>
  <testcase name="rResponse" time="0.061" classname="com.restAssured.api.myResponse"/>
  <testcase name="rResponse" time="0.058" classname="com.restAssured.api.myResponse"/>
  <testcase name="rResponse" time="0.084" classname="com.restAssured.api.myResponse"/>
  <testcase name="rResponse" time="0.058" classname="com.restAssured.api.myResponse"/>
  <testcase name="rResponse" time="0.048" classname="com.restAssured.api.myResponse"/>
  <testcase name="rResponse" time="0.044" classname="com.restAssured.api.myResponse"/>
  <testcase name="rResponse" time="0.051" classname="com.restAssured.api.myResponse"/>
  <testcase name="rResponse" time="0.055" classname="com.restAssured.api.myResponse"/>
  <testcase name="rResponse" time="0.059" classname="com.restAssured.api.myResponse"/>
  <testcase name="rResponse" time="0.059" classname="com.restAssured.api.myResponse"/>
  <testcase name="rResponse" time="0.043" classname="com.restAssured.api.myResponse"/>
  <testcase name="rResponse" time="0.079" classname="com.restAssured.api.myResponse"/>
  <testcase name="rResponse" time="0.065" classname="com.restAssured.api.myResponse"/>
  <testcase name="rResponse" time="0.053" classname="com.restAssured.api.myResponse"/>
  <testcase name="rResponse" time="0.043" classname="com.restAssured.api.myResponse"/>
  <testcase name="rResponse" time="0.075" classname="com.restAssured.api.myResponse"/>
  <testcase name="rResponse" time="0.061" classname="com.restAssured.api.myResponse"/>
  <testcase name="rResponse" time="0.049" classname="com.restAssured.api.myResponse"/>
  <testcase name="rResponse" time="0.057" classname="com.restAssured.api.myResponse"/>
  <testcase name="rResponse" time="0.057" classname="com.restAssured.api.myResponse"/>
  <testcase name="rResponse" time="0.046" classname="com.restAssured.api.myResponse"/>
  <testcase name="rResponse" time="0.057" classname="com.restAssured.api.myResponse"/>
  <testcase name="rResponse" time="0.04" classname="com.restAssured.api.myResponse"/>
  <testcase name="rResponse" time="0.044" classname="com.restAssured.api.myResponse"/>
  <testcase name="rResponse" time="0.051" classname="com.restAssured.api.myResponse"/>
  <testcase name="rResponse" time="0.059" classname="com.restAssured.api.myResponse"/>
  <testcase name="rResponse" time="0.05" classname="com.restAssured.api.myResponse"/>
  <testcase name="rResponse" time="0.041" classname="com.restAssured.api.myResponse"/>
  <testcase name="rResponse" time="0.054" classname="com.restAssured.api.myResponse"/>
  <testcase name="rResponse" time="0.058" classname="com.restAssured.api.myResponse"/>
  <testcase name="rResponse" time="0.072" classname="com.restAssured.api.myResponse"/>
  <testcase name="rResponse" time="0.051" classname="com.restAssured.api.myResponse"/>
  <testcase name="rResponse" time="0.06" classname="com.restAssured.api.myResponse"/>
  <testcase name="rResponse" time="0.052" classname="com.restAssured.api.myResponse"/>
  <testcase name="rResponse" time="0.049" classname="com.restAssured.api.myResponse"/>
  <testcase name="rResponse" time="0.056" classname="com.restAssured.api.myResponse"/>
  <testcase name="rResponse" time="0.059" classname="com.restAssured.api.myResponse"/>
  <testcase name="rResponse" time="0.054" classname="com.restAssured.api.myResponse"/>
  <testcase name="rResponse" time="0.059" classname="com.restAssured.api.myResponse"/>
  <testcase name="rResponse" time="0.084" classname="com.restAssured.api.myResponse"/>
  <testcase name="rResponse" time="0.055" classname="com.restAssured.api.myResponse"/>
  <testcase name="rResponse" time="0.089" classname="com.restAssured.api.myResponse"/>
  <testcase name="rResponse" time="0.068" classname="com.restAssured.api.myResponse"/>
  <testcase name="rResponse" time="0.057" classname="com.restAssured.api.myResponse"/>
  <testcase name="rResponse" time="0.058" classname="com.restAssured.api.myResponse"/>
  <testcase name="rResponse" time="0.054" classname="com.restAssured.api.myResponse"/>
  <testcase name="rResponse" time="0.049" classname="com.restAssured.api.myResponse"/>
  <testcase name="rResponse" time="0.049" classname="com.restAssured.api.myResponse"/>
  <testcase name="rResponse" time="0.05" classname="com.restAssured.api.myResponse"/>
  <testcase name="rResponse" time="0.061" classname="com.restAssured.api.myResponse"/>
  <testcase name="rResponse" time="0.052" classname="com.restAssured.api.myResponse"/>
  <testcase name="rResponse" time="0.05" classname="com.restAssured.api.myResponse"/>
  <testcase name="rResponse" time="0.046" classname="com.restAssured.api.myResponse"/>
  <testcase name="rResponse" time="0.042" classname="com.restAssured.api.myResponse"/>
  <testcase name="rResponse" time="0.05" classname="com.restAssured.api.myResponse"/>
  <testcase name="rResponse" time="0.042" classname="com.restAssured.api.myResponse"/>
  <testcase name="rResponse" time="0.056" classname="com.restAssured.api.myResponse"/>
  <testcase name="rResponse" time="0.053" classname="com.restAssured.api.myResponse"/>
  <testcase name="rResponse" time="0.087" classname="com.restAssured.api.myResponse"/>
  <testcase name="rResponse" time="0.043" classname="com.restAssured.api.myResponse"/>
  <testcase name="rResponse" time="0.051" classname="com.restAssured.api.myResponse"/>
  <testcase name="rResponse" time="0.04" classname="com.restAssured.api.myResponse"/>
  <testcase name="rResponse" time="0.063" classname="com.restAssured.api.myResponse"/>
  <testcase name="rResponse" time="0.05" classname="com.restAssured.api.myResponse"/>
  <testcase name="rResponse" time="0.044" classname="com.restAssured.api.myResponse"/>
  <testcase name="rResponse" time="0.051" classname="com.restAssured.api.myResponse"/>
  <testcase name="rResponse" time="0.063" classname="com.restAssured.api.myResponse"/>
  <testcase name="rResponse" time="0.056" classname="com.restAssured.api.myResponse"/>
  <testcase name="rResponse" time="0.068" classname="com.restAssured.api.myResponse"/>
  <testcase name="rResponse" time="0.044" classname="com.restAssured.api.myResponse"/>
  <testcase name="rResponse" time="0.052" classname="com.restAssured.api.myResponse"/>
  <testcase name="rResponse" time="0.046" classname="com.restAssured.api.myResponse"/>
  <testcase name="rResponse" time="0.064" classname="com.restAssured.api.myResponse"/>
  <testcase name="rResponse" time="0.053" classname="com.restAssured.api.myResponse"/>
  <testcase name="rResponse" time="0.06" classname="com.restAssured.api.myResponse"/>
  <testcase name="rResponse" time="0.058" classname="com.restAssured.api.myResponse"/>
  <testcase name="rResponse" time="0.046" classname="com.restAssured.api.myResponse"/>
  <testcase name="rResponse" time="0.045" classname="com.restAssured.api.myResponse"/>
  <testcase name="rResponse" time="0.046" classname="com.restAssured.api.myResponse"/>
  <testcase name="rResponse" time="0.043" classname="com.restAssured.api.myResponse"/>
  <testcase name="rResponse" time="0.052" classname="com.restAssured.api.myResponse"/>
  <testcase name="rResponse" time="0.049" classname="com.restAssured.api.myResponse"/>
  <testcase name="rResponse" time="0.068" classname="com.restAssured.api.myResponse"/>
  <testcase name="rResponse" time="0.043" classname="com.restAssured.api.myResponse"/>
  <testcase name="rResponse" time="0.066" classname="com.restAssured.api.myResponse"/>
  <testcase name="rResponse" time="0.081" classname="com.restAssured.api.myResponse"/>
  <testcase name="rResponse" time="0.046" classname="com.restAssured.api.myResponse"/>
  <testcase name="rResponse" time="0.048" classname="com.restAssured.api.myResponse"/>
  <testcase name="rResponse" time="0.061" classname="com.restAssured.api.myResponse"/>
  <testcase name="rResponse" time="0.042" classname="com.restAssured.api.myResponse"/>
  <testcase name="rResponse" time="0.058" classname="com.restAssured.api.myResponse"/>
  <testcase name="rResponse" time="0.057" classname="com.restAssured.api.myResponse"/>
  <testcase name="rResponse" time="0.044" classname="com.restAssured.api.myResponse"/>
  <testcase name="rResponse" time="0.055" classname="com.restAssured.api.myResponse"/>
  <testcase name="rResponse" time="0.068" classname="com.restAssured.api.myResponse"/>
  <testcase name="rResponse" time="0.063" classname="com.restAssured.api.myResponse"/>
  <testcase name="rResponse" time="0.053" classname="com.restAssured.api.myResponse"/>
  <testcase name="rResponse" time="0.201" classname="com.restAssured.api.myResponse"/>
  <testcase name="rResponse" time="0.045" classname="com.restAssured.api.myResponse"/>
  <testcase name="rResponse" time="0.051" classname="com.restAssured.api.myResponse"/>
  <testcase name="rResponse" time="0.045" classname="com.restAssured.api.myResponse"/>
  <testcase name="rResponse" time="0.052" classname="com.restAssured.api.myResponse"/>
  <testcase name="rResponse" time="0.062" classname="com.restAssured.api.myResponse"/>
  <testcase name="rResponse" time="0.055" classname="com.restAssured.api.myResponse"/>
  <testcase name="rResponse" time="0.057" classname="com.restAssured.api.myResponse"/>
  <testcase name="rResponse" time="0.052" classname="com.restAssured.api.myResponse"/>
  <testcase name="rResponse" time="0.07" classname="com.restAssured.api.myResponse"/>
  <testcase name="rResponse" time="0.05" classname="com.restAssured.api.myResponse"/>
  <testcase name="rResponse" time="0.044" classname="com.restAssured.api.myResponse"/>
  <testcase name="rResponse" time="0.046" classname="com.restAssured.api.myResponse"/>
  <testcase name="rResponse" time="0.048" classname="com.restAssured.api.myResponse"/>
  <testcase name="rResponse" time="0.046" classname="com.restAssured.api.myResponse"/>
</testsuite>
